<?xml version="1.0" encoding="UTF-8" ?>
<testsuite failures="0" time="0.664" errors="0" skipped="0" tests="5" name="com.globallogic.accessment.CSVStockMaxFinderTest">
  <properties>
[...]
</properties>
  <testcase time="0.006" classname="com.globallogic.accessment.CSVStockMaxFinderTest" name="testGetMaxSharePrice"/>
  <testcase time="0.107" classname="com.globallogic.accessment.CSVStockMaxFinderTest" name="testGetData"/>
  <testcase time="0.002" classname="com.globallogic.accessment.CSVStockMaxFinderTest" name="tesGetMaxStockPerCompany"/>
  <testcase time="0" classname="com.globallogic.accessment.CSVStockMaxFinderTest" name="testSplitByComma"/>
  <testcase time="0.128" classname="com.globallogic.accessment.CSVStockMaxFinderTest" name="display"/>
</testsuite>